

Started GET "/" for 127.0.0.1 at 2014-02-24 16:38:05 -0400

PG::ConnectionBad (could not connect to server: No such file or directory
	Is the server running locally and accepting
	connections on Unix domain socket "/var/run/postgresql/.s.PGSQL.5432"?
):
  activerecord (4.0.2) lib/active_record/connection_adapters/postgresql_adapter.rb:831:in `initialize'
  activerecord (4.0.2) lib/active_record/connection_adapters/postgresql_adapter.rb:831:in `new'
  activerecord (4.0.2) lib/active_record/connection_adapters/postgresql_adapter.rb:831:in `connect'
  activerecord (4.0.2) lib/active_record/connection_adapters/postgresql_adapter.rb:548:in `initialize'
  activerecord (4.0.2) lib/active_record/connection_adapters/postgresql_adapter.rb:41:in `new'
  activerecord (4.0.2) lib/active_record/connection_adapters/postgresql_adapter.rb:41:in `postgresql_connection'
  activerecord (4.0.2) lib/active_record/connection_adapters/abstract/connection_pool.rb:440:in `new_connection'
  activerecord (4.0.2) lib/active_record/connection_adapters/abstract/connection_pool.rb:450:in `checkout_new_connection'
  activerecord (4.0.2) lib/active_record/connection_adapters/abstract/connection_pool.rb:421:in `acquire_connection'
  activerecord (4.0.2) lib/active_record/connection_adapters/abstract/connection_pool.rb:356:in `block in checkout'
  /usr/local/lib/ruby/2.0.0/monitor.rb:211:in `mon_synchronize'
  activerecord (4.0.2) lib/active_record/connection_adapters/abstract/connection_pool.rb:355:in `checkout'
  activerecord (4.0.2) lib/active_record/connection_adapters/abstract/connection_pool.rb:265:in `block in connection'
  /usr/local/lib/ruby/2.0.0/monitor.rb:211:in `mon_synchronize'
  activerecord (4.0.2) lib/active_record/connection_adapters/abstract/connection_pool.rb:264:in `connection'
  activerecord (4.0.2) lib/active_record/connection_adapters/abstract/connection_pool.rb:546:in `retrieve_connection'
  activerecord (4.0.2) lib/active_record/connection_handling.rb:79:in `retrieve_connection'
  activerecord (4.0.2) lib/active_record/connection_handling.rb:53:in `connection'
  activerecord (4.0.2) lib/active_record/migration.rb:792:in `current_version'
  activerecord (4.0.2) lib/active_record/migration.rb:800:in `needs_migration?'
  activerecord (4.0.2) lib/active_record/migration.rb:379:in `check_pending!'
  activerecord (4.0.2) lib/active_record/migration.rb:366:in `call'
  actionpack (4.0.2) lib/action_dispatch/middleware/callbacks.rb:29:in `block in call'
  activesupport (4.0.2) lib/active_support/callbacks.rb:373:in `_run__4055100019690460219__call__callbacks'
  activesupport (4.0.2) lib/active_support/callbacks.rb:80:in `run_callbacks'
  actionpack (4.0.2) lib/action_dispatch/middleware/callbacks.rb:27:in `call'
  actionpack (4.0.2) lib/action_dispatch/middleware/reloader.rb:64:in `call'
  actionpack (4.0.2) lib/action_dispatch/middleware/remote_ip.rb:76:in `call'
  actionpack (4.0.2) lib/action_dispatch/middleware/debug_exceptions.rb:17:in `call'
  actionpack (4.0.2) lib/action_dispatch/middleware/show_exceptions.rb:30:in `call'
  railties (4.0.2) lib/rails/rack/logger.rb:38:in `call_app'
  railties (4.0.2) lib/rails/rack/logger.rb:20:in `block in call'
  activesupport (4.0.2) lib/active_support/tagged_logging.rb:67:in `block in tagged'
  activesupport (4.0.2) lib/active_support/tagged_logging.rb:25:in `tagged'
  activesupport (4.0.2) lib/active_support/tagged_logging.rb:67:in `tagged'
  railties (4.0.2) lib/rails/rack/logger.rb:20:in `call'
  actionpack (4.0.2) lib/action_dispatch/middleware/request_id.rb:21:in `call'
  rack (1.5.2) lib/rack/methodoverride.rb:21:in `call'
  rack (1.5.2) lib/rack/runtime.rb:17:in `call'
  activesupport (4.0.2) lib/active_support/cache/strategy/local_cache.rb:83:in `call'
  rack (1.5.2) lib/rack/lock.rb:17:in `call'
  actionpack (4.0.2) lib/action_dispatch/middleware/static.rb:64:in `call'
  rack (1.5.2) lib/rack/sendfile.rb:112:in `call'
  railties (4.0.2) lib/rails/engine.rb:511:in `call'
  railties (4.0.2) lib/rails/application.rb:97:in `call'
  rack (1.5.2) lib/rack/lint.rb:49:in `_call'
  rack (1.5.2) lib/rack/lint.rb:37:in `call'
  rack (1.5.2) lib/rack/showexceptions.rb:24:in `call'
  rack (1.5.2) lib/rack/commonlogger.rb:33:in `call'
  rack (1.5.2) lib/rack/chunked.rb:43:in `call'
  rack (1.5.2) lib/rack/content_length.rb:14:in `call'
  unicorn (4.8.2) lib/unicorn/http_server.rb:572:in `process_client'
  unicorn (4.8.2) lib/unicorn/http_server.rb:666:in `worker_loop'
  unicorn (4.8.2) lib/unicorn/http_server.rb:521:in `spawn_missing_workers'
  unicorn (4.8.2) lib/unicorn/http_server.rb:140:in `start'
  unicorn (4.8.2) bin/unicorn:126:in `<top (required)>'
  /usr/local/bin/unicorn:23:in `load'
  /usr/local/bin/unicorn:23:in `<main>'


  Rendered /usr/local/lib/ruby/gems/2.0.0/gems/actionpack-4.0.2/lib/action_dispatch/middleware/templates/rescues/_source.erb (0.6ms)
  Rendered /usr/local/lib/ruby/gems/2.0.0/gems/actionpack-4.0.2/lib/action_dispatch/middleware/templates/rescues/_trace.erb (1.2ms)
  Rendered /usr/local/lib/ruby/gems/2.0.0/gems/actionpack-4.0.2/lib/action_dispatch/middleware/templates/rescues/_request_and_response.erb (0.9ms)
  Rendered /usr/local/lib/ruby/gems/2.0.0/gems/actionpack-4.0.2/lib/action_dispatch/middleware/templates/rescues/diagnostics.erb within rescues/layout (14.0ms)
  [1m[36mActiveRecord::SchemaMigration Load (0.9ms)[0m  [1mSELECT "schema_migrations".* FROM "schema_migrations"[0m
Migrating to AddHstore (20140209013020)
  [1m[35m (0.3ms)[0m  BEGIN
  [1m[36m (1.0ms)[0m  [1mCREATE EXTENSION hstore[0m
PG::UndefinedFile: ERROR:  could not open extension control file "/usr/share/postgresql/9.1/extension/hstore.control": No such file or directory
: CREATE EXTENSION hstore
  [1m[35m (0.3ms)[0m  ROLLBACK


Started GET "/" for 127.0.0.1 at 2014-02-24 17:01:36 -0400
  [1m[36mActiveRecord::SchemaMigration Load (0.4ms)[0m  [1mSELECT "schema_migrations".* FROM "schema_migrations"[0m

ActiveRecord::PendingMigrationError (Migrations are pending; run 'bin/rake db:migrate RAILS_ENV=development' to resolve this issue.):
  activerecord (4.0.2) lib/active_record/migration.rb:379:in `check_pending!'
  activerecord (4.0.2) lib/active_record/migration.rb:366:in `call'
  actionpack (4.0.2) lib/action_dispatch/middleware/callbacks.rb:29:in `block in call'
  activesupport (4.0.2) lib/active_support/callbacks.rb:373:in `_run__2365289448343388422__call__callbacks'
  activesupport (4.0.2) lib/active_support/callbacks.rb:80:in `run_callbacks'
  actionpack (4.0.2) lib/action_dispatch/middleware/callbacks.rb:27:in `call'
  actionpack (4.0.2) lib/action_dispatch/middleware/reloader.rb:64:in `call'
  actionpack (4.0.2) lib/action_dispatch/middleware/remote_ip.rb:76:in `call'
  actionpack (4.0.2) lib/action_dispatch/middleware/debug_exceptions.rb:17:in `call'
  actionpack (4.0.2) lib/action_dispatch/middleware/show_exceptions.rb:30:in `call'
  railties (4.0.2) lib/rails/rack/logger.rb:38:in `call_app'
  railties (4.0.2) lib/rails/rack/logger.rb:20:in `block in call'
  activesupport (4.0.2) lib/active_support/tagged_logging.rb:67:in `block in tagged'
  activesupport (4.0.2) lib/active_support/tagged_logging.rb:25:in `tagged'
  activesupport (4.0.2) lib/active_support/tagged_logging.rb:67:in `tagged'
  railties (4.0.2) lib/rails/rack/logger.rb:20:in `call'
  actionpack (4.0.2) lib/action_dispatch/middleware/request_id.rb:21:in `call'
  rack (1.5.2) lib/rack/methodoverride.rb:21:in `call'
  rack (1.5.2) lib/rack/runtime.rb:17:in `call'
  activesupport (4.0.2) lib/active_support/cache/strategy/local_cache.rb:83:in `call'
  rack (1.5.2) lib/rack/lock.rb:17:in `call'
  actionpack (4.0.2) lib/action_dispatch/middleware/static.rb:64:in `call'
  rack (1.5.2) lib/rack/sendfile.rb:112:in `call'
  railties (4.0.2) lib/rails/engine.rb:511:in `call'
  railties (4.0.2) lib/rails/application.rb:97:in `call'
  rack (1.5.2) lib/rack/lint.rb:49:in `_call'
  rack (1.5.2) lib/rack/lint.rb:37:in `call'
  rack (1.5.2) lib/rack/showexceptions.rb:24:in `call'
  rack (1.5.2) lib/rack/commonlogger.rb:33:in `call'
  rack (1.5.2) lib/rack/chunked.rb:43:in `call'
  rack (1.5.2) lib/rack/content_length.rb:14:in `call'
  unicorn (4.8.2) lib/unicorn/http_server.rb:572:in `process_client'
  unicorn (4.8.2) lib/unicorn/http_server.rb:666:in `worker_loop'
  unicorn (4.8.2) lib/unicorn/http_server.rb:521:in `spawn_missing_workers'
  unicorn (4.8.2) lib/unicorn/http_server.rb:140:in `start'
  unicorn (4.8.2) bin/unicorn:126:in `<top (required)>'
  /usr/local/bin/unicorn:23:in `load'
  /usr/local/bin/unicorn:23:in `<main>'


  Rendered /usr/local/lib/ruby/gems/2.0.0/gems/actionpack-4.0.2/lib/action_dispatch/middleware/templates/rescues/_source.erb (0.6ms)
  Rendered /usr/local/lib/ruby/gems/2.0.0/gems/actionpack-4.0.2/lib/action_dispatch/middleware/templates/rescues/_trace.erb (1.1ms)
  Rendered /usr/local/lib/ruby/gems/2.0.0/gems/actionpack-4.0.2/lib/action_dispatch/middleware/templates/rescues/_request_and_response.erb (0.9ms)
  Rendered /usr/local/lib/ruby/gems/2.0.0/gems/actionpack-4.0.2/lib/action_dispatch/middleware/templates/rescues/diagnostics.erb within rescues/layout (13.1ms)
  [1m[36mActiveRecord::SchemaMigration Load (0.9ms)[0m  [1mSELECT "schema_migrations".* FROM "schema_migrations"[0m
Migrating to AddHstore (20140209013020)
  [1m[35m (0.3ms)[0m  BEGIN
  [1m[36m (1.0ms)[0m  [1mCREATE EXTENSION hstore[0m
PG::UndefinedFile: ERROR:  could not open extension control file "/usr/share/postgresql/9.1/extension/hstore.control": No such file or directory
: CREATE EXTENSION hstore
  [1m[35m (0.2ms)[0m  ROLLBACK
  [1m[36mActiveRecord::SchemaMigration Load (0.6ms)[0m  [1mSELECT "schema_migrations".* FROM "schema_migrations"[0m
Migrating to AddHstore (20140209013020)
  [1m[35m (0.3ms)[0m  BEGIN
  [1m[36m (0.7ms)[0m  [1mCREATE EXTENSION hstore[0m
PG::UndefinedFile: ERROR:  could not open extension control file "/usr/share/postgresql/9.1/extension/hstore.control": No such file or directory
: CREATE EXTENSION hstore
  [1m[35m (0.2ms)[0m  ROLLBACK
  [1m[36mActiveRecord::SchemaMigration Load (0.8ms)[0m  [1mSELECT "schema_migrations".* FROM "schema_migrations"[0m
Migrating to AddHstore (20140209013020)
  [1m[35m (0.3ms)[0m  BEGIN
  [1m[36m (25.3ms)[0m  [1mCREATE EXTENSION hstore[0m
  [1m[35mSQL (0.5ms)[0m  INSERT INTO "schema_migrations" ("version") VALUES ($1)  [["version", "20140209013020"]]
  [1m[36m (31.5ms)[0m  [1mCOMMIT[0m
Migrating to AddProfileDataToUsers (20140209192424)
  [1m[35m (0.5ms)[0m  BEGIN
  [1m[36m (0.7ms)[0m  [1mALTER TABLE "users" ADD COLUMN "gender" character varying(255)[0m
  [1m[35m (0.4ms)[0m  ALTER TABLE "users" ADD COLUMN "status" character varying(255)
  [1m[36m (0.4ms)[0m  [1mALTER TABLE "users" ADD COLUMN "zip_code" character varying(255)[0m
  [1m[35m (0.4ms)[0m  ALTER TABLE "users" ADD COLUMN "mobile_number" character varying(255)
  [1m[36m (0.4ms)[0m  [1mALTER TABLE "users" ADD COLUMN "skype_id" character varying(255)[0m
  [1m[35m (0.4ms)[0m  ALTER TABLE "users" ADD COLUMN "dietary_pref" character varying(255)
  [1m[36m (0.4ms)[0m  [1mALTER TABLE "users" ADD COLUMN "roommate_pref" character varying(255)[0m
  [1m[35m (183.6ms)[0m  ALTER TABLE "users" ADD COLUMN "profile_updated" boolean DEFAULT 'f'
  [1m[36mSQL (0.9ms)[0m  [1mINSERT INTO "schema_migrations" ("version") VALUES ($1)[0m  [["version", "20140209192424"]]
  [1m[35m (20.2ms)[0m  COMMIT
Migrating to CreateTrips (20140209192705)
  [1m[36m (0.5ms)[0m  [1mBEGIN[0m
  [1m[35m (111.4ms)[0m  CREATE TABLE "trips" ("id" serial primary key, "title" character varying(255) DEFAULT '' NOT NULL, "hash_tag" character varying(255), "start_date" date NOT NULL, "end_date" date NOT NULL, "location" character varying(255) DEFAULT '' NOT NULL, "is_private" boolean DEFAULT 'f', "hide_guestlist" boolean DEFAULT 'f', "is_active" boolean DEFAULT 't', "user_id" integer, "created_at" timestamp, "updated_at" timestamp) 
  [1m[36m (28.0ms)[0m  [1mCREATE INDEX "index_trips_on_user_id" ON "trips" ("user_id")[0m
  [1m[35mSQL (0.3ms)[0m  INSERT INTO "schema_migrations" ("version") VALUES ($1)  [["version", "20140209192705"]]
  [1m[36m (12.2ms)[0m  [1mCOMMIT[0m
Migrating to CreateGroups (20140210161635)
  [1m[35m (0.5ms)[0m  BEGIN
  [1m[36m (80.5ms)[0m  [1mCREATE TABLE "groups" ("id" serial primary key, "name" character varying(255) DEFAULT '' NOT NULL, "description" text, "group_type" text, "location" text, "avatar" text, "facebook_url" text, "meetup_url" text, "groupme_id" text, "is_active" boolean DEFAULT 't', "created_at" timestamp, "updated_at" timestamp) [0m
  [1m[35mSQL (0.3ms)[0m  INSERT INTO "schema_migrations" ("version") VALUES ($1)  [["version", "20140210161635"]]
  [1m[36m (11.9ms)[0m  [1mCOMMIT[0m
Migrating to CreateMemberships (20140211000053)
  [1m[35m (0.5ms)[0m  BEGIN
  [1m[36m (36.5ms)[0m  [1mCREATE TABLE "memberships" ("id" serial primary key, "group_id" integer, "email" character varying(255), "last_updated_by" integer, "is_active" boolean DEFAULT 'f', "is_admin" boolean DEFAULT 't', "user_id" integer, "created_at" timestamp, "updated_at" timestamp) [0m
  [1m[35m (53.0ms)[0m  CREATE INDEX "index_memberships_on_group_id" ON "memberships" ("group_id")
  [1m[36m (42.0ms)[0m  [1mCREATE INDEX "index_memberships_on_user_id" ON "memberships" ("user_id")[0m
  [1m[35mSQL (0.4ms)[0m  INSERT INTO "schema_migrations" ("version") VALUES ($1)  [["version", "20140211000053"]]
  [1m[36m (19.1ms)[0m  [1mCOMMIT[0m
Migrating to CreatePermissions (20140211061503)
  [1m[35m (0.5ms)[0m  BEGIN
  [1m[36m (95.1ms)[0m  [1mCREATE TABLE "permissions" ("id" serial primary key, "user_id" integer, "thing_id" integer, "thing_type" character varying(255), "action" character varying(255), "created_at" timestamp, "updated_at" timestamp) [0m
  [1m[35mSQL (0.5ms)[0m  INSERT INTO "schema_migrations" ("version") VALUES ($1)  [["version", "20140211061503"]]
  [1m[36m (18.6ms)[0m  [1mCOMMIT[0m
Migrating to CreatePolls (20140214175251)
  [1m[35m (0.5ms)[0m  BEGIN
  [1m[36m (95.2ms)[0m  [1mCREATE TABLE "polls" ("id" serial primary key, "title" character varying(255) NOT NULL, "poll_type" character varying(255) NOT NULL, "start_date" date, "end_date" date, "location" character varying(255), "notes" text, "expires" date, "is_active" boolean DEFAULT 't', "trip_id" integer, "created_at" timestamp, "updated_at" timestamp) [0m
  [1m[35m (41.2ms)[0m  CREATE INDEX "index_polls_on_trip_id" ON "polls" ("trip_id")
  [1m[36mSQL (0.6ms)[0m  [1mINSERT INTO "schema_migrations" ("version") VALUES ($1)[0m  [["version", "20140214175251"]]
  [1m[35m (17.6ms)[0m  COMMIT
Migrating to CreatePollResponses (20140214195913)
  [1m[36m (0.5ms)[0m  [1mBEGIN[0m
  [1m[35m (96.1ms)[0m  CREATE TABLE "poll_responses" ("id" serial primary key, "user_id" integer, "choices" hstore, "trip_id" integer, "created_at" timestamp, "updated_at" timestamp) 
  [1m[36m (41.5ms)[0m  [1mCREATE INDEX "index_poll_responses_on_user_id" ON "poll_responses" ("user_id")[0m
  [1m[35m (40.3ms)[0m  CREATE INDEX "index_poll_responses_on_trip_id" ON "poll_responses" ("trip_id")
  [1m[36mSQL (0.5ms)[0m  [1mINSERT INTO "schema_migrations" ("version") VALUES ($1)[0m  [["version", "20140214195913"]]
  [1m[35m (18.3ms)[0m  COMMIT
Migrating to CreateInvitations (20140215185729)
  [1m[36m (0.5ms)[0m  [1mBEGIN[0m
  [1m[35m (108.5ms)[0m  CREATE TABLE "invitations" ("id" serial primary key, "email" character varying(255) DEFAULT '' NOT NULL, "full_name" character varying(255), "avatar" character varying(255), "user_id" integer, "trip_id" integer, "created_at" timestamp, "updated_at" timestamp) 
  [1m[36m (41.5ms)[0m  [1mCREATE INDEX "index_invitations_on_user_id" ON "invitations" ("user_id")[0m
  [1m[35m (40.2ms)[0m  CREATE INDEX "index_invitations_on_trip_id" ON "invitations" ("trip_id")
  [1m[36mSQL (0.6ms)[0m  [1mINSERT INTO "schema_migrations" ("version") VALUES ($1)[0m  [["version", "20140215185729"]]
  [1m[35m (14.9ms)[0m  COMMIT
Migrating to CreateAuthentications (20140217144407)
  [1m[36m (0.5ms)[0m  [1mBEGIN[0m
  [1m[35m (109.6ms)[0m  CREATE TABLE "authentications" ("id" serial primary key, "user_id" integer, "email" character varying(255), "provider" character varying(255), "uid" character varying(255), "token" character varying(255), "token_secret" character varying(255), "expires" integer, "created_at" timestamp, "updated_at" timestamp) 
  [1m[36m (41.1ms)[0m  [1mCREATE INDEX "index_authentications_on_user_id" ON "authentications" ("user_id")[0m
  [1m[35mSQL (0.3ms)[0m  INSERT INTO "schema_migrations" ("version") VALUES ($1)  [["version", "20140217144407"]]
  [1m[36m (14.9ms)[0m  [1mCOMMIT[0m
Migrating to CreateWebLinks (20140218030130)
  [1m[35m (0.4ms)[0m  BEGIN
  [1m[36m (44.2ms)[0m  [1mCREATE TABLE "web_links" ("id" serial primary key, "user_id" integer, "url" character varying(255) DEFAULT '' NOT NULL, "created_at" timestamp, "updated_at" timestamp) [0m
  [1m[35m (53.2ms)[0m  CREATE INDEX "index_web_links_on_user_id" ON "web_links" ("user_id")
  [1m[36mSQL (0.5ms)[0m  [1mINSERT INTO "schema_migrations" ("version") VALUES ($1)[0m  [["version", "20140218030130"]]
  [1m[35m (26.2ms)[0m  COMMIT
Migrating to CreateAssets (20140219042228)
  [1m[36m (0.2ms)[0m  [1mBEGIN[0m
  [1m[35m (91.6ms)[0m  CREATE TABLE "assets" ("id" serial primary key, "asset" character varying(255), "content_type" character varying(255), "trip_id" integer, "created_at" timestamp, "updated_at" timestamp) 
  [1m[36mSQL (0.3ms)[0m  [1mINSERT INTO "schema_migrations" ("version") VALUES ($1)[0m  [["version", "20140219042228"]]
  [1m[35m (13.3ms)[0m  COMMIT
Migrating to CreateRsvps (20140222225953)
  [1m[36m (0.5ms)[0m  [1mBEGIN[0m
  [1m[35m (78.9ms)[0m  CREATE TABLE "rsvps" ("id" serial primary key, "response" character varying(255) NOT NULL, "user_id" integer, "trip_id" integer, "created_at" timestamp, "updated_at" timestamp) 
  [1m[36m (52.0ms)[0m  [1mCREATE INDEX "index_rsvps_on_user_id" ON "rsvps" ("user_id")[0m
  [1m[35m (40.4ms)[0m  CREATE INDEX "index_rsvps_on_trip_id" ON "rsvps" ("trip_id")
  [1m[36mSQL (0.4ms)[0m  [1mINSERT INTO "schema_migrations" ("version") VALUES ($1)[0m  [["version", "20140222225953"]]
  [1m[35m (11.7ms)[0m  COMMIT
Migrating to CreatePosts (20140223041630)
  [1m[36m (0.4ms)[0m  [1mBEGIN[0m
  [1m[35m (80.1ms)[0m  CREATE TABLE "posts" ("id" serial primary key, "message" text, "user_id" integer, "trip_id" integer, "created_at" timestamp, "updated_at" timestamp) 
  [1m[36m (65.6ms)[0m  [1mCREATE INDEX "index_posts_on_user_id" ON "posts" ("user_id")[0m
  [1m[35m (40.4ms)[0m  CREATE INDEX "index_posts_on_trip_id" ON "posts" ("trip_id")
  [1m[36mSQL (0.3ms)[0m  [1mINSERT INTO "schema_migrations" ("version") VALUES ($1)[0m  [["version", "20140223041630"]]
  [1m[35m (20.1ms)[0m  COMMIT
Migrating to CreateActivities (20140223202151)
  [1m[36mActiveRecord::SchemaMigration Load (1.0ms)[0m  [1mSELECT "schema_migrations".* FROM "schema_migrations"[0m
Migrating to CreateActivities (20140223202151)
  [1m[36mActiveRecord::SchemaMigration Load (1.1ms)[0m  [1mSELECT "schema_migrations".* FROM "schema_migrations"[0m
Migrating to CreateActivities (20140223202151)
  [1m[35m (0.4ms)[0m  BEGIN
  [1m[36m (139.3ms)[0m  [1mCREATE TABLE "activities" ("id" serial primary key, "activity_type" character varying(255) NOT NULL, "name" character varying(255), "link" character varying(255), "venue" character varying(255), "address" text, "contact" text, "price" float, "date" date NOT NULL, "start_time" time, "end_time" time, "notes" text, "deadline" date, "tickets_available" integer, "deposit_required" boolean, "cc_required" boolean, "min_age" integer, "gender" character varying(255), "is_active" boolean, "is_approved" boolean, "approved_by" integer, "user_id" integer, "trip_id" integer, "created_at" timestamp, "updated_at" timestamp) [0m
  [1m[35m (41.9ms)[0m  CREATE INDEX "index_activities_on_user_id" ON "activities" ("user_id")
  [1m[36m (40.0ms)[0m  [1mCREATE INDEX "index_activities_on_trip_id" ON "activities" ("trip_id")[0m
  [1m[35mSQL (1.7ms)[0m  INSERT INTO "schema_migrations" ("version") VALUES ($1)  [["version", "20140223202151"]]
  [1m[36m (18.6ms)[0m  [1mCOMMIT[0m
Migrating to CreateTransportations (20140224054020)
  [1m[35m (0.4ms)[0m  BEGIN
  [1m[36m (74.7ms)[0m  [1mCREATE TABLE "transportations" ("id" serial primary key, "transportation_type" character varying(255), "service_number" character varying(255), "seat_number" character varying(255), "price" float, "deposit_required" boolean, "notes" text, "departure_city" character varying(255), "departure_date" date, "departure_time" time, "arrival_city" character varying(255), "arrival_date" date, "arrival_time" time, "trip_id" integer, "user_id" integer, "created_at" timestamp, "updated_at" timestamp) [0m
  [1m[35m (63.5ms)[0m  CREATE INDEX "index_transportations_on_trip_id" ON "transportations" ("trip_id")
  [1m[36m (42.0ms)[0m  [1mCREATE INDEX "index_transportations_on_user_id" ON "transportations" ("user_id")[0m
  [1m[35mSQL (0.6ms)[0m  INSERT INTO "schema_migrations" ("version") VALUES ($1)  [["version", "20140224054020"]]
  [1m[36m (14.6ms)[0m  [1mCOMMIT[0m
  [1m[35mActiveRecord::SchemaMigration Load (0.7ms)[0m  SELECT "schema_migrations".* FROM "schema_migrations"


Started GET "/" for 127.0.0.1 at 2014-02-24 17:13:03 -0400
  [1m[35mActiveRecord::SchemaMigration Load (0.5ms)[0m  SELECT "schema_migrations".* FROM "schema_migrations"
Processing by PagesController#index as HTML
  [1m[36mTrip Load (1.7ms)[0m  [1mSELECT "trips".* FROM "trips" ORDER BY start_date ASC LIMIT 4[0m
  Rendered trips/_active.html.erb (4.3ms)
  Rendered pages/index.html.erb within layouts/application (7.6ms)
Completed 200 OK in 322ms (Views: 301.3ms | ActiveRecord: 1.7ms)


Started GET "/assets/application.css?body=1" for 127.0.0.1 at 2014-02-24 17:13:03 -0400


Started GET "/assets/jquery.js?body=1" for 127.0.0.1 at 2014-02-24 17:13:03 -0400


Started GET "/assets/jquery_ujs.js?body=1" for 127.0.0.1 at 2014-02-24 17:13:03 -0400


Started GET "/assets/trips.js?body=1" for 127.0.0.1 at 2014-02-24 17:13:03 -0400


Started GET "/assets/application.js?body=1" for 127.0.0.1 at 2014-02-24 17:13:03 -0400


Started GET "/" for 127.0.0.1 at 2014-02-24 17:13:05 -0400
Processing by PagesController#index as HTML
  [1m[35mTrip Load (0.5ms)[0m  SELECT "trips".* FROM "trips" ORDER BY start_date ASC LIMIT 4
  Rendered trips/_active.html.erb (1.4ms)
  Rendered pages/index.html.erb within layouts/application (2.3ms)
Completed 200 OK in 8ms (Views: 7.4ms | ActiveRecord: 0.5ms)


Started GET "/assets/application.css?body=1" for 127.0.0.1 at 2014-02-24 17:13:05 -0400


Started GET "/assets/jquery.js?body=1" for 127.0.0.1 at 2014-02-24 17:13:05 -0400


Started GET "/assets/jquery_ujs.js?body=1" for 127.0.0.1 at 2014-02-24 17:13:05 -0400


Started GET "/assets/trips.js?body=1" for 127.0.0.1 at 2014-02-24 17:13:05 -0400


Started GET "/assets/application.js?body=1" for 127.0.0.1 at 2014-02-24 17:13:05 -0400


Started GET "/" for 127.0.0.1 at 2014-02-24 17:22:59 -0400
Processing by PagesController#index as HTML
  [1m[36mTrip Load (0.9ms)[0m  [1mSELECT "trips".* FROM "trips" ORDER BY start_date ASC LIMIT 4[0m
  Rendered trips/_active.html.erb (1.8ms)
  Rendered pages/index.html.erb within layouts/application (3.1ms)
Completed 200 OK in 33ms (Views: 14.3ms | ActiveRecord: 0.9ms)


Started GET "/assets/application.css?body=1" for 127.0.0.1 at 2014-02-24 17:22:59 -0400


Started GET "/assets/jquery.js?body=1" for 127.0.0.1 at 2014-02-24 17:22:59 -0400


Started GET "/assets/jquery_ujs.js?body=1" for 127.0.0.1 at 2014-02-24 17:22:59 -0400


Started GET "/assets/trips.js?body=1" for 127.0.0.1 at 2014-02-24 17:22:59 -0400


Started GET "/assets/application.js?body=1" for 127.0.0.1 at 2014-02-24 17:22:59 -0400


Started GET "/" for 127.0.0.1 at 2014-02-24 17:28:53 -0400
Processing by PagesController#index as HTML
  [1m[35mTrip Load (0.5ms)[0m  SELECT "trips".* FROM "trips" ORDER BY start_date ASC LIMIT 4
  Rendered trips/_active.html.erb (1.4ms)
  Rendered pages/index.html.erb within layouts/application (2.4ms)
Completed 200 OK in 12ms (Views: 10.8ms | ActiveRecord: 0.5ms)


Started GET "/assets/application.css?body=1" for 127.0.0.1 at 2014-02-24 17:28:53 -0400


Started GET "/assets/jquery.js?body=1" for 127.0.0.1 at 2014-02-24 17:28:53 -0400


Started GET "/assets/jquery_ujs.js?body=1" for 127.0.0.1 at 2014-02-24 17:28:53 -0400


Started GET "/assets/trips.js?body=1" for 127.0.0.1 at 2014-02-24 17:28:53 -0400


Started GET "/assets/application.js?body=1" for 127.0.0.1 at 2014-02-24 17:28:53 -0400


Started GET "/" for 127.0.0.1 at 2014-02-24 17:30:59 -0400
Processing by PagesController#index as HTML
  [1m[36mTrip Load (0.5ms)[0m  [1mSELECT "trips".* FROM "trips" ORDER BY start_date ASC LIMIT 4[0m
  Rendered trips/_active.html.erb (1.3ms)
  Rendered pages/index.html.erb within layouts/application (2.8ms)
Completed 200 OK in 10ms (Views: 8.9ms | ActiveRecord: 0.5ms)


Started GET "/assets/application.css?body=1" for 127.0.0.1 at 2014-02-24 17:30:59 -0400


Started GET "/assets/jquery.js?body=1" for 127.0.0.1 at 2014-02-24 17:30:59 -0400


Started GET "/assets/jquery_ujs.js?body=1" for 127.0.0.1 at 2014-02-24 17:30:59 -0400


Started GET "/assets/trips.js?body=1" for 127.0.0.1 at 2014-02-24 17:30:59 -0400


Started GET "/assets/application.js?body=1" for 127.0.0.1 at 2014-02-24 17:30:59 -0400


Started GET "/users/sign_up" for 127.0.0.1 at 2014-02-24 17:31:21 -0400
Processing by Devise::RegistrationsController#new as HTML
  Rendered devise/shared/_links.erb (3.6ms)
  Rendered devise/registrations/new.html.erb within layouts/application (323.1ms)
Completed 200 OK in 341ms (Views: 329.5ms | ActiveRecord: 3.8ms)


Started GET "/assets/application.css?body=1" for 127.0.0.1 at 2014-02-24 17:31:22 -0400


Started GET "/assets/jquery.js?body=1" for 127.0.0.1 at 2014-02-24 17:31:22 -0400


Started GET "/assets/jquery_ujs.js?body=1" for 127.0.0.1 at 2014-02-24 17:31:22 -0400


Started GET "/assets/trips.js?body=1" for 127.0.0.1 at 2014-02-24 17:31:22 -0400


Started GET "/assets/application.js?body=1" for 127.0.0.1 at 2014-02-24 17:31:22 -0400


Started GET "/" for 127.0.0.1 at 2014-02-24 17:32:19 -0400
Processing by PagesController#index as HTML
  [1m[35mTrip Load (0.4ms)[0m  SELECT "trips".* FROM "trips" ORDER BY start_date ASC LIMIT 4
  Rendered trips/_active.html.erb (1.2ms)
  Rendered pages/index.html.erb within layouts/application (49.2ms)
Completed 200 OK in 56ms (Views: 54.9ms | ActiveRecord: 0.4ms)


Started GET "/assets/application.css?body=1" for 127.0.0.1 at 2014-02-24 17:32:19 -0400


Started GET "/assets/jquery.js?body=1" for 127.0.0.1 at 2014-02-24 17:32:19 -0400


Started GET "/assets/jquery_ujs.js?body=1" for 127.0.0.1 at 2014-02-24 17:32:19 -0400


Started GET "/assets/trips.js?body=1" for 127.0.0.1 at 2014-02-24 17:32:19 -0400


Started GET "/assets/application.js?body=1" for 127.0.0.1 at 2014-02-24 17:32:19 -0400


Started GET "/" for 127.0.0.1 at 2014-02-24 17:34:44 -0400
Processing by PagesController#index as HTML
  [1m[36mTrip Load (0.9ms)[0m  [1mSELECT "trips".* FROM "trips" ORDER BY start_date ASC LIMIT 4[0m
  Rendered trips/_active.html.erb (2.0ms)
  Rendered pages/index.html.erb within layouts/application (3.6ms)
Completed 200 OK in 21ms (Views: 19.4ms | ActiveRecord: 0.9ms)


Started GET "/assets/application.css?body=1" for 127.0.0.1 at 2014-02-24 17:34:44 -0400


Started GET "/assets/jquery.js?body=1" for 127.0.0.1 at 2014-02-24 17:34:44 -0400


Started GET "/assets/jquery_ujs.js?body=1" for 127.0.0.1 at 2014-02-24 17:34:44 -0400


Started GET "/assets/trips.js?body=1" for 127.0.0.1 at 2014-02-24 17:34:44 -0400


Started GET "/assets/application.js?body=1" for 127.0.0.1 at 2014-02-24 17:34:44 -0400


Started GET "/" for 127.0.0.1 at 2014-02-24 17:34:47 -0400
Processing by PagesController#index as HTML
  [1m[35mTrip Load (0.6ms)[0m  SELECT "trips".* FROM "trips" ORDER BY start_date ASC LIMIT 4
  Rendered trips/_active.html.erb (2.0ms)
  Rendered pages/index.html.erb within layouts/application (3.9ms)
Completed 200 OK in 19ms (Views: 17.3ms | ActiveRecord: 0.6ms)


Started GET "/assets/application.css?body=1" for 127.0.0.1 at 2014-02-24 17:34:47 -0400


Started GET "/assets/jquery.js?body=1" for 127.0.0.1 at 2014-02-24 17:34:47 -0400


Started GET "/assets/jquery_ujs.js?body=1" for 127.0.0.1 at 2014-02-24 17:34:47 -0400


Started GET "/assets/trips.js?body=1" for 127.0.0.1 at 2014-02-24 17:34:47 -0400


Started GET "/assets/application.js?body=1" for 127.0.0.1 at 2014-02-24 17:34:47 -0400


Started GET "/" for 127.0.0.1 at 2014-02-24 17:34:47 -0400
Processing by PagesController#index as HTML
  [1m[36mTrip Load (1.0ms)[0m  [1mSELECT "trips".* FROM "trips" ORDER BY start_date ASC LIMIT 4[0m
  Rendered trips/_active.html.erb (1.9ms)
  Rendered pages/index.html.erb within layouts/application (3.5ms)
Completed 200 OK in 15ms (Views: 13.0ms | ActiveRecord: 1.0ms)


Started GET "/assets/application.css?body=1" for 127.0.0.1 at 2014-02-24 17:34:47 -0400


Started GET "/assets/jquery.js?body=1" for 127.0.0.1 at 2014-02-24 17:34:48 -0400


Started GET "/assets/jquery_ujs.js?body=1" for 127.0.0.1 at 2014-02-24 17:34:48 -0400


Started GET "/assets/trips.js?body=1" for 127.0.0.1 at 2014-02-24 17:34:48 -0400


Started GET "/assets/application.js?body=1" for 127.0.0.1 at 2014-02-24 17:34:48 -0400


Started GET "/" for 127.0.0.1 at 2014-02-24 17:35:17 -0400
Processing by PagesController#index as HTML
  [1m[35mTrip Load (0.9ms)[0m  SELECT "trips".* FROM "trips" ORDER BY start_date ASC LIMIT 4
  Rendered trips/_active.html.erb (1.6ms)
  Rendered pages/index.html.erb within layouts/application (2.8ms)
Completed 200 OK in 14ms (Views: 12.4ms | ActiveRecord: 0.9ms)


Started GET "/assets/application.css?body=1" for 127.0.0.1 at 2014-02-24 17:35:17 -0400


Started GET "/assets/jquery.js?body=1" for 127.0.0.1 at 2014-02-24 17:35:17 -0400


Started GET "/assets/jquery_ujs.js?body=1" for 127.0.0.1 at 2014-02-24 17:35:17 -0400


Started GET "/assets/trips.js?body=1" for 127.0.0.1 at 2014-02-24 17:35:17 -0400


Started GET "/assets/application.js?body=1" for 127.0.0.1 at 2014-02-24 17:35:17 -0400


Started GET "/" for 127.0.0.1 at 2014-02-24 17:37:19 -0400
Processing by PagesController#index as HTML
  [1m[36mTrip Load (0.5ms)[0m  [1mSELECT "trips".* FROM "trips" ORDER BY start_date ASC LIMIT 4[0m
  Rendered trips/_active.html.erb (1.4ms)
  Rendered pages/index.html.erb within layouts/application (2.4ms)
Completed 200 OK in 11ms (Views: 10.2ms | ActiveRecord: 0.5ms)


Started GET "/assets/application.css?body=1" for 127.0.0.1 at 2014-02-24 17:37:19 -0400


Started GET "/assets/jquery.js?body=1" for 127.0.0.1 at 2014-02-24 17:37:19 -0400


Started GET "/assets/jquery_ujs.js?body=1" for 127.0.0.1 at 2014-02-24 17:37:19 -0400


Started GET "/assets/trips.js?body=1" for 127.0.0.1 at 2014-02-24 17:37:19 -0400


Started GET "/assets/application.js?body=1" for 127.0.0.1 at 2014-02-24 17:37:19 -0400


Started GET "/" for 127.0.0.1 at 2014-02-24 17:39:10 -0400
Processing by PagesController#index as HTML
  [1m[35mTrip Load (0.6ms)[0m  SELECT "trips".* FROM "trips" ORDER BY start_date ASC LIMIT 4
  Rendered trips/_active.html.erb (1.6ms)
  Rendered pages/index.html.erb within layouts/application (3.1ms)
Completed 200 OK in 15ms (Views: 13.2ms | ActiveRecord: 0.6ms)


Started GET "/assets/application.css?body=1" for 127.0.0.1 at 2014-02-24 17:39:10 -0400


Started GET "/assets/jquery.js?body=1" for 127.0.0.1 at 2014-02-24 17:39:10 -0400


Started GET "/assets/jquery_ujs.js?body=1" for 127.0.0.1 at 2014-02-24 17:39:10 -0400


Started GET "/assets/trips.js?body=1" for 127.0.0.1 at 2014-02-24 17:39:10 -0400


Started GET "/assets/application.js?body=1" for 127.0.0.1 at 2014-02-24 17:39:10 -0400


Started GET "/" for 127.0.0.1 at 2014-02-24 17:40:43 -0400
Processing by PagesController#index as HTML
  [1m[36mTrip Load (0.4ms)[0m  [1mSELECT "trips".* FROM "trips" ORDER BY start_date ASC LIMIT 4[0m
  Rendered trips/_active.html.erb (1.0ms)
  Rendered pages/index.html.erb within layouts/application (1.8ms)
Completed 200 OK in 9ms (Views: 8.3ms | ActiveRecord: 0.4ms)


Started GET "/assets/application.css?body=1" for 127.0.0.1 at 2014-02-24 17:40:43 -0400


Started GET "/assets/jquery.js?body=1" for 127.0.0.1 at 2014-02-24 17:40:43 -0400


Started GET "/assets/jquery_ujs.js?body=1" for 127.0.0.1 at 2014-02-24 17:40:43 -0400


Started GET "/assets/trips.js?body=1" for 127.0.0.1 at 2014-02-24 17:40:43 -0400


Started GET "/assets/application.js?body=1" for 127.0.0.1 at 2014-02-24 17:40:43 -0400


Started GET "/" for 127.0.0.1 at 2014-02-24 17:43:28 -0400
Processing by PagesController#index as HTML
  [1m[35mTrip Load (1.0ms)[0m  SELECT "trips".* FROM "trips" ORDER BY start_date ASC LIMIT 4
  Rendered trips/_active.html.erb (1.6ms)
  Rendered pages/index.html.erb within layouts/application (2.3ms)
Completed 200 OK in 15ms (Views: 13.1ms | ActiveRecord: 1.0ms)


Started GET "/assets/application.css?body=1" for 127.0.0.1 at 2014-02-24 17:43:28 -0400


Started GET "/assets/jquery.js?body=1" for 127.0.0.1 at 2014-02-24 17:43:28 -0400


Started GET "/assets/jquery_ujs.js?body=1" for 127.0.0.1 at 2014-02-24 17:43:28 -0400


Started GET "/assets/trips.js?body=1" for 127.0.0.1 at 2014-02-24 17:43:28 -0400


Started GET "/assets/application.js?body=1" for 127.0.0.1 at 2014-02-24 17:43:28 -0400


Started GET "/users/sign_in" for 127.0.0.1 at 2014-02-24 17:43:37 -0400
Processing by Devise::SessionsController#new as HTML
  Rendered devise/shared/_links.erb (2.9ms)
  Rendered devise/sessions/new.html.erb within layouts/application (9.2ms)
Completed 200 OK in 16ms (Views: 13.9ms | ActiveRecord: 0.0ms)


Started GET "/assets/application.css?body=1" for 127.0.0.1 at 2014-02-24 17:43:37 -0400


Started GET "/assets/jquery.js?body=1" for 127.0.0.1 at 2014-02-24 17:43:37 -0400


Started GET "/assets/jquery_ujs.js?body=1" for 127.0.0.1 at 2014-02-24 17:43:37 -0400


Started GET "/assets/trips.js?body=1" for 127.0.0.1 at 2014-02-24 17:43:37 -0400


Started GET "/assets/application.js?body=1" for 127.0.0.1 at 2014-02-24 17:43:37 -0400


Started GET "/users/sign_in" for 127.0.0.1 at 2014-02-24 17:43:55 -0400
Processing by Devise::SessionsController#new as HTML
  Rendered devise/shared/_links.erb (3.7ms)
  Rendered devise/sessions/new.html.erb within layouts/application (14.1ms)
Completed 200 OK in 26ms (Views: 22.7ms | ActiveRecord: 0.0ms)


Started GET "/assets/application.css?body=1" for 127.0.0.1 at 2014-02-24 17:43:55 -0400


Started GET "/assets/jquery.js?body=1" for 127.0.0.1 at 2014-02-24 17:43:55 -0400


Started GET "/assets/jquery_ujs.js?body=1" for 127.0.0.1 at 2014-02-24 17:43:55 -0400


Started GET "/assets/trips.js?body=1" for 127.0.0.1 at 2014-02-24 17:43:55 -0400


Started GET "/assets/application.js?body=1" for 127.0.0.1 at 2014-02-24 17:43:55 -0400


Started GET "/users/auth/facebook" for 127.0.0.1 at 2014-02-24 17:44:13 -0400


Started GET "/users/auth/google" for 127.0.0.1 at 2014-02-24 17:44:26 -0400


Started GET "/users/sign_in" for 127.0.0.1 at 2014-02-24 17:45:41 -0400
Processing by Devise::SessionsController#new as HTML
  Rendered devise/shared/_links.erb (2.7ms)
  Rendered devise/sessions/new.html.erb within layouts/application (7.4ms)
Completed 200 OK in 64ms (Views: 61.9ms | ActiveRecord: 0.0ms)


Started GET "/assets/application.css?body=1" for 127.0.0.1 at 2014-02-24 17:45:41 -0400


Started GET "/assets/jquery.js?body=1" for 127.0.0.1 at 2014-02-24 17:45:41 -0400


Started GET "/assets/jquery_ujs.js?body=1" for 127.0.0.1 at 2014-02-24 17:45:41 -0400


Started GET "/assets/trips.js?body=1" for 127.0.0.1 at 2014-02-24 17:45:41 -0400


Started GET "/assets/application.js?body=1" for 127.0.0.1 at 2014-02-24 17:45:41 -0400


Started GET "/users/sign_in" for 127.0.0.1 at 2014-02-24 17:47:32 -0400
Processing by Devise::SessionsController#new as HTML
  Rendered devise/shared/_links.erb (2.6ms)
  Rendered devise/sessions/new.html.erb within layouts/application (6.2ms)
Completed 200 OK in 16ms (Views: 13.9ms | ActiveRecord: 0.0ms)


Started GET "/assets/application.css?body=1" for 127.0.0.1 at 2014-02-24 17:47:32 -0400


Started GET "/assets/jquery.js?body=1" for 127.0.0.1 at 2014-02-24 17:47:32 -0400


Started GET "/assets/jquery_ujs.js?body=1" for 127.0.0.1 at 2014-02-24 17:47:32 -0400


Started GET "/assets/trips.js?body=1" for 127.0.0.1 at 2014-02-24 17:47:32 -0400


Started GET "/assets/application.js?body=1" for 127.0.0.1 at 2014-02-24 17:47:32 -0400


Started GET "/users/sign_in" for 127.0.0.1 at 2014-02-24 17:51:25 -0400
Processing by Devise::SessionsController#new as HTML
  Rendered devise/shared/_links.erb (2.6ms)
  Rendered devise/sessions/new.html.erb within layouts/application (6.8ms)
Completed 200 OK in 13ms (Views: 11.1ms | ActiveRecord: 0.0ms)


Started GET "/assets/application.css?body=1" for 127.0.0.1 at 2014-02-24 17:51:25 -0400


Started GET "/assets/jquery.js?body=1" for 127.0.0.1 at 2014-02-24 17:51:25 -0400


Started GET "/assets/jquery_ujs.js?body=1" for 127.0.0.1 at 2014-02-24 17:51:25 -0400


Started GET "/assets/trips.js?body=1" for 127.0.0.1 at 2014-02-24 17:51:25 -0400


Started GET "/assets/application.js?body=1" for 127.0.0.1 at 2014-02-24 17:51:25 -0400


Started GET "/users/sign_in" for 127.0.0.1 at 2014-02-24 17:53:03 -0400
Processing by Devise::SessionsController#new as HTML
  Rendered devise/shared/_links.erb (2.4ms)
  Rendered devise/sessions/new.html.erb within layouts/application (5.2ms)
Completed 200 OK in 12ms (Views: 10.9ms | ActiveRecord: 0.0ms)


Started GET "/assets/application.css?body=1" for 127.0.0.1 at 2014-02-24 17:53:03 -0400


Started GET "/assets/jquery.js?body=1" for 127.0.0.1 at 2014-02-24 17:53:03 -0400


Started GET "/assets/jquery_ujs.js?body=1" for 127.0.0.1 at 2014-02-24 17:53:03 -0400


Started GET "/assets/trips.js?body=1" for 127.0.0.1 at 2014-02-24 17:53:03 -0400


Started GET "/assets/application.js?body=1" for 127.0.0.1 at 2014-02-24 17:53:03 -0400
